674
753
166
940
412
287
1264
468
903
104
1114
343
1274
689
293
969
484
236
808
1034
582
1199
1111
1383
1110
1146
564
605
438
1249
378
906
615
1175
442
979
521
448
239
519
1219
783
573
1316
153
835
364
538
133
1175
1406
1500
1387
1332
1195
1075
1326
886
82
1124
844
758
529
671
1163
528
482
1427
959
508
197
1498
348
1304
327
306
763
1457
152
134
1082
329
1431
1204
1310
1489
261
749
1449
450
1102
122
116
1292
1085
443
6
1070
541
605
538
39
788
1193
107
1059
1004
116
786
751
1157
362
578
104
1458
143
642
334
657
519
1170
321
961
1126
872
1011
66
582
560
1220
420
1179
1478
896
233
369
24
238
712
147
1518
1159
556
686
959
1188
89
635
306
993
451
489
605
1159
1159
632
755
701
1243
381
1158
1377
641
1155
1189
589
1303
1000
1371
184
485
446
1381
381
1339
1097
1229
659
924
595
1474
307
414
127
691
249
349
1062
729
114
161
471
679
1459
157
1420
1229
1152
175
995
1412
821
881
879
401
685
815
570
229
1390
33
324
1135
228
748
7
1421
640
912
1486
1289
621
1447
723
1392
550
726
1514
632
264
888
656
120
1560
435
668
429
739
1310
645
576
1219
904
181
1009
628
669
784
614
983
1285
846
1336
1027
1382
1032
767
464
79
939
446
639
460
675
1429
786
549
509
1231
1282
228
1190
1474
605
779
1514
1527
898
433
964
359
59
486
1437
1330
1337
528
59
1383
795
693
682
1346
1020
1127
255
525
1459
645
1181
864
7
158
1125
1623
489
1419
767
552
537
1169
1579
1645
133
556
506
2
115
845
1109
1318
1015
274
129
9
418
988
606
344
198
621
1378
8
33
76
1472
1553
480
897
1546
1465
983
10
21
1313
357
153
261
315
1104
591
1549
102
1103
1442
141
1556
1348
538
682
455
779
425
717
1338
902
475
1107
53
366
842
991
1166
997
1183
1113
925
667
16
272
917
698
851
890
1401
766
508
830
429
1566
1183
1373
30
700
278
819
1005
1700
1358
1047
933
888
294
866
1453
1670
1141
17
281
1673
1080
1299
1546
1113
937
218
188
818
1357
391
1152
605
1411
200
752
1195
1691
1521
637
270
651
724
1333
1234
753
1467
10
827
652
1421
361
639
645
900
133
553
1330
1070
380
1367
329
42
749
1606
515
700
995
1403
1492
1476
936
29
1711
899
114
1575
933
1410
836
1082
616
554
1198
372
793
1000
97
1532
839
336
1181
1478
40
174
226
1703
1405
786
556
1207
649
1155
212
637
115
156
642
283
1733
1195
713
1549
719
601
1291
1702
880
695
733
423
1576
131
1423
846
540
1577
804
374
1312
1109
599
1075
1090
7
926
1212
982
896
1658
530
413
585
1055
1711
204
1168
495
334
933
135
623
970
744
716
1350
1397
395
1396
79
755
1197
956
889
1104
853
614
1209
1647
385
1012
1198
587
1308
1582
115
911
981
740
1605
121
1657
1092
555
1486
1778
1222
199
448
1464
753
1008
1440
141
169
469
708
1184
535
1040
1136
549
3
1682
675
1201
876
1346
771
1656
192
883
1528
1500
430
1015
73
1553
1467
689
1308
797
835
443
1184
1291
639
580
443
1051
1752
1787
1375
1286
126
1391
824
1381
1796
316
837
1684
635
943
721
100
274
1678
184
1387
852
1649
867
811
1809
1611
754
1190
1140
707
625
532
91
587
1194
5
604
982
688
1311
777
532
226
1301
995
1040
1441
1515
1034
1445
1406
882
485
1184
67
1468
1015
779
208
139
1518
737
490
1020
447
699
107
827
812
1453
523
853
942
446
591
200
694
792
1310
55
66
1669
1569
629
910
1774
1537
190
630
1431
886
245
844
89
692
1828
1658
373
236
1260
911
1845
83
487
886
22
686
832
1361
1659
591
424
240
1157
1846
1264
853
1594
1478
1660
1413
1254
1728
194
218
738
576
736
342
1026
1853
1204
969
1068
982
716
107
795
1023
334
255
1391
1525
1522
7
310
1560
1710
662
1226
1584
1603
1390
824
1817
48
533
833
1178
1218
1540
238
1094
1066
1709
1257
1184
472
1097
1470
639
402
1594
148
1570
1598
696
810
1471
116
249
1858
218
232
1347
151
1353
1293
1450
1035
732
645
1524
1295
1903
360
466
1524
269
1860
702
915
785
237
1846
1763
839
878
276
1778
1147
412
1820
744
1458
1432
1427
272
754
1514
1598
69
1033
175
603
1517
1829
148
884
1031
1640
1083
1402
382
1668
1129
1418
1652
775
1578
737
898
141
1573
855
1601
1120
1732
1172
1042
351
1575
936
795
825
906
1051
1481
1476
1398
1905
381
835
1861
753
398
1772
652
1450
1431
1126
1227
724
1755
1068
1608
3
626
1369
1133
858
824
509
203
789
1559
1243
1207
379
1362
1711
466
1848
1713
1121
971
281
1877
793
374
462
908
1421
1624
1372
882
357
152
233
120
1113
1040
1373
1414
309
1583
66
117
184
890
562
538
769
475
1832
1081
1892
1474
1314
22
517
1003
579
1611
254
3
1566
1259
195
81
949
1376
1628
1154
1111
503
1938
191
48
1096
412
874
959
340
1460
743
1472
392
842
1094
1275
924
869
516
72
542
1797
1426
440
2000
786
382
299
1479
1179
553
1356
1792
548
318
3
1860
952
1977
212
72
935
755
456
1257
1616
539
1022
492
1478
1316
700
1795
891
1167
434
969
351
1372
1446
521
754
1296
987
706
1857
229
422
1899
1879
1251
393
480
1834
1843
1387
948
281
1845
1609
48
273
1141
728
581
937
80
2049
298
937
82
12
1000
852
993
1960
1699
1831
1650
664
983
1485
1032
1681
1277
1234
201
869
507
1856
1208
1472
1359
1215
521
1003
1720
227
1916
607
1813
1651
1650
388
1656
1711
727
1450
852
1918
1814
1282
834
493
1155
465
1213
1648
1030
1346
2029
1221
1584
211
1738
1588
737
1036
502
999
766
75
1299
1315
100
1210
277
734
712
641
949
968
883
1147
2036
121
605
425
833
142
1166
189
1357
1807
652
1648
1253
350
1588
1849
606
612
2038
1426
3
1422
613
720
1257
19
1123
652
785
14
1621
921
797
453
1607
1005
978
422
1315
1487
1796
866
1056
1532
636
1400
125
424
220
969
1535
1095
953
225
1420
1703
649
333
442
924
348
546
1322
580
1879
1261
1761
76
263
687
603
1289
75
103
1365
189
1361
1147
196
517
1223
253
1037
622
795
685
1474
1354
1441
373
1210
1307
85
1035
1879
1263
1646
1306
1408
1323
1607
888
1802
1103
728
1727
1161
1763
778
61
1029
114
722
527
1069
185
508
1892
1190
782
1024
9
30
1194
1236
88
1036
919
552
1453
232
1037
1420
47
1414
1545
2137
1733
1735
1704
1884
1010
923
624
1154
553
393
289
665
2077
1291
235
759
1854
211
532
438
2025
1923
1151
624
233
421
1100
1519
567
248
1376
1505
1349
2051
879
670
367
994
441
1790
1883
1983
810
407
1591
1542
175
1665
1597
741
219
1459
38
915
1885
1984
777
1895
1938
152
1510
1961
483
2002
861
1551
1137
207
944
1630
374
270
1257
1365
1661
259
197
1169
415
1127
1556
786
2006
2040
1819
1526
1907
222
477
105
472
159
703
1182
1096
1346
768
304
641
1939
1397
515
1308
993
1129
2134
1042
1579
1783
1837
1602
2151
786
2062
441
447
189
1093
459
1537
2119
1425
43
662
291
785
1871
129
419
1722
421
684
1323
1693
1409
502
167
1272
571
1903
1429
927
998
1349
1847
93
545
149
127
1892
2043
1494
722
2126
436
470
1675
2045
1829
1239
1179
540
2115
586
38
637
782
1862
247
918
552
361
1897
1248
109
904
444
760
2007
702
419
1833
1568
557
438
1150
1153
1624
1369
88
1080
1361
904
1256
1179
1410
410
1020
608
303
1122
2020
374
786
1510
1760
1382
119
922
354
1006
1446
759
408
1206
173
2224
1894
1259
1600
1869
1600
2067
1465
1682
666
2225
1769
279
274
1871
596
1709
2260
1610
2046
