47069
86785
33026
8669
4770
109408
46134
67058
8041
73797
39972
71472
91581
26916
75314
4486
120835
31090
73730
91093
54003
33961
116521
43543
83772
70334
45836
79152
18393
25484
9858
120815
33448
106401
11931
49443
66850
24928
54147
110138
86542
88375
3804
101615
73475
25545
39052
35820
29324
107332
47594
37240
116572
36630
62149
10465
91906
91006
97926
60275
105418
106099
65142
13380
70123
85931
21173
86306
88944
89481
38566
4062
1788
55832
53347
12118
89209
74223
95889
64480
74687
54281
51484
98571
46053
10643
68411
101064
96329
89626
121323
94676
75313
42648
63357
30681
66873
53721
21178
36944
45610
61558
35254
812
35489
61463
2195
113282
103157
3001
4249
22671
18726
24253
71064
83592
74239
110227
19393
68152
58691
9789
64690
121306
1064
52437
117158
77188
32435
112357
25504
47934
9696
110146
91475
8359
1789
47908
88141
2187
41799
96463
60482
9094
121776
85890
52311
72754
103490
18321
19619
116766
81536
102697
14697
9683
89659
89893
28945
69302
22803
110968
54195
107707
997
29147
120354
21937
118614
61432
72159
32749
87102
103976
54990
27947
16526
105781
97680
33428
91803
109863
90928
47375
39167
17626
27107
11975
100129
15498
45453
33116
4084
35703
13336
39174
110248
38228
112241
55266
81366
70570
72451
39830
80676
62967
40841
87768
61011
2250
63265
104793
44299
30
37107
98272
54842
21004
116834
92410
58644
71998
113827
68534
64884
28496
71047
123
26817
32438
57676
57517
77654
97312
18109
25640
57281
49551
65351
74685
71570
72959
70850
25196
17032
44354
10280
93568
105378
39646
22105
21177
71323
34062
116173
83214
75119
69189
23851
106172
15840
57168
42487
31729
62285
68048
2087
20331
121546
78227
82589
51315
105222
6934
49361
94185
101215
57332
104962
6379
53876
15894
72788
64201
59014
574
90812
4747
74587
29756
47947
68704
74302
104231
52448
109172
58839
40263
97751
52316
103844
10183
22631
66748
113640
83230
16661
100485
96294
72049
18789
73835
32687
10085
11231
81368
60170
48654
42581
4708
117465
27400
77486
24136
77489
36524
98165
12329
92829
110031
115753
53375
76285
2248
26229
77823
31194
28360
95309
108313
41371
88383
26118
8071
49430
38346
54217
62000
105357
34428
6632
11961
72219
105793
65817
19516
98415
10138
63250
83111
22264
2403
99847
14398
98315
38353
101941
18658
75352
74944
57218
26020
51651
95441
99628
50330
62426
48715
31463
105888
106981
105981
80520
43149
62018
15560
114611
41825
69544
64303
90800
49035
98264
78195
94316
104738
59792
118979
109298
87347
72673
67093
63420
121136
61682
82661
58367
90267
56835
48474
21999
96723
50732
38610
29335
24418
57047
98725
65137
18560
8306
3915
107284
29010
34360
80480
25930
84159
73707
13045
63673
77085
90463
70530
13252
111479
115695
119093
99497
79511
45296
96610
101535
32044
116682
51588
53454
108429
100751
8277
5858
31745
5
17377
59769
98727
56185
5196
119979
120431
114229
33081
35290
109898
32923
22964
23791
45524
73565
99860
4318
73692
113999
108762
41337
103937
30609
50045
73089
113491
25252
5348
32896
92392
62045
43383
120707
11533
14394
93241
46702
62589
106268
76740
22716
18224
117778
104530
56237
8575
19896
72197
4904
10014
31001
97802
94356
110197
98964
24499
44143
15335
119940
23322
82426
114685
54265
8056
95923
98347
42597
111473
33126
11393
111177
15363
91470
46062
112392
32822
78225
77194
7378
48508
120625
26650
110717
121284
83173
110391
116324
22403
63980
32054
32892
43606
75274
105069
41912
102136
119276
49356
109530
42369
4092
92136
19656
16750
18294
108944
3870
22697
99759
111300
73088
94750
66604
24949
70257
12797
80132
53291
72890
62305
104135
51741
5124
41555
109228
9102
43119
118947
96854
6116
111106
77884
105062
25438
108436
47918
78150
106918
52946
63906
50880
14390
82855
61117
71999
65932
54954
97950
56813
54197
41449
103905
85481
102721
82472
49118
78737
42510
21153
94538
86733
18924
48864
71425
38498
117308
115067
81992
66424
108499
87584
74570
99692
13952
61139
110884
38991
105851
90049
76477
116474
8245
22574
115051
70762
29669
27413
71498
89294
87727
109606
56371
14311
63614
69309
110685
75369
95349
87022
102497
108311
26250
11857
93254
5361
67686
75359
102069
13442
31905
2097
59356
63821
27018
40765
94634
37702
42702
26552
99072
88503
51290
93932
111669
78196
79012
117053
120698
66127
7275
102383
120417
40149
39826
39209
87832
76123
28825
14220
100379
66038
10974
119737
25037
91851
91133
113350
108794
45360
23173
101654
65639
85231
115497
85126
70936
95065
65919
15761
74249
1225
90236
53526
11109
98825
27413
56015
3271
91543
75862
14898
59440
80972
77854
32284
67655
74321
68969
85353
108062
86265
47497
102596
33732
105329
61772
112593
55514
75093
17313
68165
47213
8509
19816
113948
46874
67886
19830
47385
50879
104831
31917
89490
84907
11825
46420
54096
85338
29028
23400
41550
96055
38539
58720
21684
103420
50128
117862
71228
32828
71624
8042
80795
90639
53546
83118
10522
70838
100778
629
83389
17343
106855
76380
114162
30242
104836
44053
4096
9257
8964
49586
82916
80658
97783
21476
49530
102359
14334
51635
57900
92253
5134
10993
18162
45695
102554
72009
37566
77288
23078
97744
44628
112410
29408
119330
104963
116070
29010
28967
42827
38243
111521
96470
59084
74577
43202
48791
19634
45163
5966
88071
14149
35965
11261
86219
113580
121077
12307
120345
115683
52139
110794
18484
17736
73163
51509
51117
73016
9144
3956
32196
76198
97104
101317
46996
42315
20418
76856
95952
51965
102311
57294
103300
90004
23562
25639
74577
16170
18905
22322
39685
21854
64564
79640
61125
87221
73727
32954
120804
76832
109292
25438
87080
103970
14862
114866
73024
32976
72703
87675
81552
42994
42001
103421
117377
102076
105032
15464
61061
94616
81325
66409
13474
106892
82411
49540
3811
7477
52534
25834
18027
9708
72471
53750
54420
83128
120952
38230
71915
44617
19883
116913
120552
12602
16033
47033
120582
107363
71777
79237
34677
57085
59416
30500
55298
11864
54246
24936
56605
16063
90641
81033
114770
87808
53955
71314
97336
100380
19079
21269
54531
114063
2283
5909
65792
29056
92778
38047
45567
70355
638
14924
66930
10275
39811
58816
50981
69452
30805
108609
53482
83855
80661
73145
39025
100313
98066
22549
57478
95056
103105
27343
61952
80540
49696
20410
53086
121805
7009
53251
51957
83990
9842
110474
90479
71909
36459
56730
1247
75352
121576
100646
97844
74746
78677
24579
86382
89382
91917
85793
100599
81638
71355
214
49646
88037
39452
62748
87249
56391
51834
60514
86642
33904
72923
105862
19817
52356
58292
116230
21335
65607
102970
23828
21597
80439
91787
37956
41017
112900
26470
121994
30258
8913
117518
114073
41503
10782
60796
87074
75954
65031
23013
102212
72335
70837
120738
93037
24729
47270
34178
107027
54800
13944
82991
69550
31624
80637
113088
72449
32454
91139
36512
114178
68540
103392
34576
100754
94763
111014
54394
63332
89904
62365
103418
91137
115174
107792
89542
101777
60832
44727
22642
66350
82928
71383
59320
34754
56037
92017
72424
12536
95903
3077
353
32593
85371
86962
16291
84362
109826
4139
34794
17024
43802
12821
105077
11851
4189
35128
49906
116714
84634
38029
31412
84088
49861
114562
116062
63408
53298
64179
44475
19438
50729
80687
66397
88099
116326
94057
20220
17705
113897
29958
69980
72064
109978
44179
6207
77487
35504
70382
102676
90149
15437
42002
70159
37531
103560
44765
105004
92555
27034
43777
74372
56686
80454
70911
85400
47711
66956
72656
121833
26644
108335
79066
114954
49509
14989
49317
10666
19532
1249
26499
94400
14146
52815
89890
120411
18332
2630
11048
100640
33383
21353
57213
16277
15456
52596
102733
93885
40338
1449
66052
67783
101
17043
106738
118467
5975
119311
121581
113990
12919
102689
78128
46012
26382
44328
35533
40973
51519
85544
84522
58788
44968
23311
227
45517
27718
78509
73705
40731
58960
64020
109768
107882
54169
2960
35711
27983
121133
59289
3731
3484
43773
64725
34602
56765
65064
119391
8521
93666
111285
52856
66318
79057
65917
35981
69984
39967
110028
65520
43912
112256
102159
119088
100736
73513
23930
57772
72288
44415
92170
101352
5588
87576
106819
92191
58303
32373
38659
64327
107790
89774
10470
66173
17400
83286
84205
60627
2766
43429
23966
85707
106357
83630
28197
56728
77518
107134
38850
2769
2617
101855
77223
102094
8720
67216
21432
14355
110797
50027
56316
81168
55260
43512
84876
78491
30952
41007
91841
19235
69766
33947
76524
72338
86952
103329
6589
119721
63806
25248
3691
112815
77005
36999
5815
58929
13892
71839
27160
117918
85988
119473
42564
39247
90290
100588
21717
28352
39767
67359
102162
23641
43400
115335
106310
58999
91354
75276
67702
30568
57482
110257
105141
76790
110328
15211
101788
28018
48447
47614
60888
76782
57707
29508
101188
3406
106133
87798
87728
89614
38645
118094
99818
57149
70171
114796
58797
15729
78756
66797
88786
15443
55345
85445
37946
107287
110976
82409
63543
85087
64538
43196
80789
116749
95107
9883
114815
64949
26990
114277
104718
105131
27104
103135
16886
38626
33251
105785
82482
22683
75456
103072
24098
100448
101246
115630
17334
62368
115795
38448
18206
72892
117181
112722
1637
118260
66388
19579
98449
43116
84376
97806
43041
61768
16874
120076
37184
93711
79284
54161
81586
94481
114686
98117
57741
18266
112014
26824
25393
34833
67274
42119
96509
31376
107175
103023
29610
5695
32323
13388
115176
73604
21767
64177
77959
101511
13171
61380
80305
87120
91551
15082
111406
115978
21391
15889
13367
27317
93498
77745
13227
44765
42242
25488
62942
84939
66157
10601
6870
73011
77939
13018
16013
60241
65657
97744
26210
70723
103709
110969
66081
5713
55652
55832
101705
35362
98237
114370
80190
9815
39759
108467
27
96897
65721
112059
89159
44264
91733
110385
121559
70885
87934
72307
67614
50830
94148
15449
50586
97187
99766
84440
51590
39086
13159
37677
911
23213
43018
54844
22908
106800
61010
17212
85246
121856
83247
46026
92573
86481
63325
7547
96608
48166
81816
47927
92742
82452
171
18050
49820
12831
112794
100468
5464
100362
63349
21697
95522
52576
21645
13612
117522
111228
51326
44188
108266
77126
73579
45538
105728
47888
5210
1589
81517
51778
118562
62871
27131
69163
29549
72769
77625
36995
7131
32904
59851
75961
65861
19683
82818
76160
30409
84868
55299
100867
47686
117056
37594
54245
10109
117871
2959
112767
106814
107181
38309
87123
112110
82276
74268
56813
114141
93987
13414
75081
56951
62798
99133
100793
63657
85833
33262
70237
63659
118460
59263
89813
6524
45795
72065
111864
22158
85033
4403
52450
45752
95427
36749
55442
50036
73503
79355
67838
72209
15416
69851
40901
96785
92482
248
49194
4684
26282
2673
67319
3342
44888
15007
111407
15116
110939
68332
12705
23600
97377
105612
19914
23451
8004
66833
120291
20210
37431
50415
12108
83521
69992
87076
79062
91003
102010
93381
22921
14347
11034
36043
68500
83526
60943
106635
66345
58395
4781
35912
98816
56443
