49
337
106
123
279
43
198
258
14
224
304
215
235
307
251
192
263
204
60
226
302
103
22
214
243
173
67
119
359
143
334
66
287
218
206
58
237
256
95
266
138
301
12
292
253
114
71
184
263
108
63
311
219
282
71
32
307
245
246
306
97
204
28
7
210
197
260
369
206
37
35
72
326
319
303
144
253
10
55
317
135
32
31
53
269
342
280
229
235
316
367
377
69
52
194
243
107
37
274
209
69
259
98
223
19
287
379
41
256
250
39
131
352
217
39
232
139
134
342
63
4
19
75
402
239
256
261
128
365
233
106
259
120
353
210
408
81
379
13
60
331
40
243
365
123
173
350
335
126
92
106
125
315
80
365
202
320
34
377
144
58
295
26
61
234
218
424
178
441
424
361
379
241
252
110
266
89
71
281
74
297
401
398
229
122
317
28
259
363
283
100
408
117
445
35
324
169
287
14
435
112
98
100
361
9
137
359
403
422
113
162
73
58
309
294
74
295
171
26
28
297
19
390
371
115
63
299
161
299
9
19
164
92
326
96
292
12
170
176
242
303
193
148
184
241
177
222
333
247
47
345
142
183
209
154
220
227
431
81
86
385
151
30
146
264
354
278
412
353
407
279
389
210
89
463
150
17
192
408
174
427
74
127
46
406
356
445
490
426
114
229
478
469
358
484
72
54
9
253
321
366
412
123
390
94
464
287
69
298
359
9
187
321
356
80
455
123
415
5
332
408
234
193
328
209
392
159
257
224
296
57
7
439
506
392
86
503
184
329
365
67
393
26
8
81
263
236
424
166
189
2
36
478
440
402
428
434
494
225
254
299
355
368
287
513
302
228
330
81
424
189
217
346
124
276
208
327
79
478
506
87
386
77
357
13
461
93
172
480
55
418
140
294
13
101
521
480
382
496
159
143
14
169
67
371
12
337
511
356
240
196
129
41
168
534
471
80
351
212
490
74
388
484
210
493
163
47
201
167
156
235
105
23
164
260
29
521
104
524
382
246
486
474
289
107
469
279
441
65
367
195
224
506
171
29
476
487
145
485
82
556
436
488
383
66
89
517
89
235
359
436
184
549
46
273
265
116
318
130
430
102
75
368
55
50
426
213
338
184
524
191
34
314
96
116
478
99
170
473
474
334
57
315
322
142
491
407
466
553
555
49
242
526
576
144
291
176
23
282
31
202
331
486
272
519
325
144
384
517
8
532
585
86
408
151
122
345
95
133
468
325
95
13
258
252
13
488
41
306
68
559
462
354
10
103
561
162
419
468
180
524
285
410
179
477
84
550
506
566
271
274
212
489
217
29
42
491
488
569
224
389
423
202
261
513
308
443
8
434
22
559
253
137
333
349
419
367
156
27
59
505
505
399
339
273
382
436
391
499
276
237
269
74
119
566
389
604
216
33
388
497
12
587
399
99
102
306
241
225
68
445
190
22
157
60
250
227
183
62
124
228
419
59
371
554
563
393
351
143
208
102
401
522
404
431
121
521
458
349
354
194
593
497
438
36
560
342
326
588
385
452
154
381
406
424
309
81
376
610
436
411
191
263
421
578
299
576
571
457
637
292
566
190
9
459
248
70
565
543
402
444
252
483
447
629
614
275
346
341
41
331
261
581
563
297
410
51
22
80
79
586
46
22
585
278
593
80
614
408
276
642
414
444
121
358
307
471
266
640
447
425
59
131
412
244
81
99
434
82
62
228
425
194
372
632
313
476
187
75
314
221
35
558
214
97
253
182
163
381
9
69
481
565
651
397
29
364
364
115
96
144
129
127
609
386
571
624
121
633
444
564
608
242
656
619
214
550
506
477
50
470
286
338
7
27
165
566
361
595
81
329
571
298
127
197
614
55
195
138
518
197
668
564
123
677
498
684
646
77
593
231
528
175
350
241
251
97
582
255
225
334
683
571
486
79
77
580
46
77
580
382
593
9
463
228
473
206
144
136
535
453
393
564
658
450
30
128
576
475
522
648
635
592
234
89
136
444
105
361
604
163
95
465
548
580
694
486
82
76
529
601
489
126
577
68
192
13
701
479
249
307
460
240
125
630
404
691
424
102
557
625
6
259
530
78
47
707
411
417
301
187
162
136
343
399
368
326
663
190
723
259
170
585
650
325
574
147
192
636
134
526
248
673
211
3
351
325
366
132
242
701
547
701
178
42
699
586
461
214
41
303
577
626
248
369
319
598
269
624
135
184
707
414
344
41
417
238
316
541
351
273
155
504
465
70
389
543
723
176
125
124
494
263
670
216
436
465
405
20
297
309
95
689
71
420
312
138
227
550
123
78
26
13
225
119
299
332
736
378
552
303
193
700
605
444
490
700
232
76
536
586
46
608
144
166
343
229
501
334
106
397
625
194
574
636
44
424
727
746
227
64
466
148
469
606
171
456
638
319
511
570
413
594
751
36
239
76
126
339
422
238
663
722
492
43
786
72
423
495
721
490
576
311
372
751
225
779
663
522
507
788
663
240
759
3
11
247
390
298
9
650
431
269
129
146
519
252
632
586
9
290
338
617
555
723
25
27
706
104
470
417
474
369
642
46
15
729
291
513
652
479
286
566
139
91
103
624
803
148
169
394
174
653
686
699
766
454
678
129
584
649
184
111
122
69
524
732
543
405
377
606
141
619
655
133
188
95
603
143
533
625
526
354
23
471
255
91
127
49
280
467
659
313
51
401
687
566
550
658
166
373
156
130
774
668
525
801
607
284
70
104
658
550
757
529
814
677
531
363
108
137
506
89
290
717
70
500
684
270
599
673
81
263
251
88
550
304
439
18
466
465
465
812
592
195
665
33
787
596
234
653
292
406
790
9
442
129
425
87
796
530
133
111
626
725
373
23
382
547
270
46
405
649
360
174
17
141
652
760
390
374
29
687
572
735
228
629
23
799
465
422
417
429
834
505
102
751
73
299
119
839
376
16
854
789
558
804
296
397
251
316
665
261
647
162
623
748
9
298
624
663
148
264
347
335
248
694
666
358
676
185
354
728
564
445
37
291
715
111
602
123
233
53
790
681
627
389
855
799
36
499
652
697
5
665
165
671
562
821
674
96
775
461
598
55
781
578
267
584
765
742
533
49
794
348
634
484
340
561
107
838
507
520
79
661
535
413
158
242
849
716
359
452
264
554
255
480
402
174
671
62
746
594
438
568
304
858
397
26
335
242
574
703
826
208
147
316
368
36
339
831
740
479
815
156
513
848
0
399
584
143
41
758
833
669
50
614
669
743
206
832
91
704
492
454
443
603
528
569
584
712
174
774
43
875
345
830
394
831
670
612
819
646
330
588
843
310
179
531
333
642
711
605
198
66
351
584
278
293
886
73
670
651
487
809
441
844
863
326
647
620
626
633
409
626
597
814
474
630
615
64
651
524
60
445
892
630
113
596
882
570
379
855
66
550
358
457
489
514
165
494
239
860
340
798
365
201
405
215
267
438
671
77
539
96
3
825
424
521
229
694
504
147
362
732
564
691
298
166
214
733
703
236
660
461
157
175
86
578
709
272
219
775
132
211
9
392
27
813
330
395
148
870
3
193
787
236
705
804
100
74
357
531
403
730
512
846
24
587
856
598
308
348
583
695
451
76
450
543
863
645
218
693
753
438
69
606
576
921
606
595
678
668
346
483
191
116
36
141
327
545
311
785
740
410
118
892
596
162
72
819
502
92
55
129
358
250
312
647
725
176
251
662
694
471
345
150
624
42
424
634
211
391
505
811
285
764
749
179
763
753
648
928
440
882
616
921
867
48
687
503
344
624
608
745
922
889
438
243
890
670
654
865
580
434
833
135
784
152
393
805
811
840
553
418
275
270
750
539
788
542
859
194
681
596
94
94
697
467
242
905
934
